<?xml version="1.0" encoding="UTF-8"?>
<!-- Generated by org.testng.reporters.JUnitReportReporter -->
<testsuite hostname="Loveenas-MacBook-Pro.local" failures="0" tests="1" name="scriptForPOS.ValidateQuantity" time="36.329" errors="0" timestamp="2024-10-22T12:21:13 GST" skipped="0">
  <testcase classname="scriptForPOS.ValidateQuantity" name="testQuantity" time="36.329">
    <system-out>
      <![CDATA[Exception occured in Customers tab
PASS:Item qty updated:200]]>
    </system-out>
  </testcase> <!-- testQuantity -->
  <system-out>
    <![CDATA[Opening chrome on local system
Maximize the browser
Enter the URL
Implicit wait
Explicit wait
Exception occured in Customers tab
PASS:Item qty updated:200
testQuantity has passed,hence NO screenshot has been taken]]>
  </system-out>
</testsuite> <!-- scriptForPOS.ValidateQuantity -->
