<?xml version="1.0" encoding="UTF-8"?>
<!-- Generated by org.testng.reporters.JUnitReportReporter -->
<testsuite hostname="Loveenas-MacBook-Pro.local" failures="0" tests="1" name="script.TestDemo2" time="12.066" errors="0" timestamp="2024-10-13T00:24:07 GST" skipped="0">
  <testcase classname="script.TestDemo2" name="test1" time="12.066">
    <system-out>
      <![CDATA[Loveena running test1....]]>
    </system-out>
  </testcase> <!-- test1 -->
  <system-out>
    <![CDATA[Loveena running test1....]]>
  </system-out>
</testsuite> <!-- script.TestDemo2 -->
