<?xml version="1.0" encoding="UTF-8"?>
<!-- Generated by org.testng.reporters.JUnitReportReporter -->
<testsuite hostname="Loveenas-MacBook-Pro.local" failures="0" tests="1" name="script.TestDemo2" time="11.842" errors="0" timestamp="2024-10-14T20:01:37 GST" skipped="0">
  <testcase classname="script.TestDemo2" name="test1" time="11.842">
    <system-out>
      <![CDATA[Loveena running test1....]]>
    </system-out>
  </testcase> <!-- test1 -->
  <system-out>
    <![CDATA[Open the browser
Opening Chrome on remote system
Maximize the browser
Enter the URL
Implicit wait
Explicit wait
Loveena running test1....
test1 has passed,hence NO screenshot has been taken
Open the browser
Opening Chrome on remote system
Maximize the browser
Enter the URL
Implicit wait
Explicit wait
test1....Sam is a genius. ðŸ˜œ
test1 has failed,hence screenshot has been taken]]>
  </system-out>
</testsuite> <!-- script.TestDemo2 -->
