<?xml version="1.0" encoding="UTF-8"?>
<!-- Generated by org.testng.reporters.JUnitReportReporter -->
<testsuite hostname="Loveenas-MacBook-Pro.local" failures="0" tests="1" name="scriptForLoginPage.ValidateQuantity" time="22.480" errors="0" timestamp="2024-10-20T12:26:20 GST" skipped="0">
  <testcase classname="scriptForLoginPage.ValidateQuantity" name="testQuantity" time="22.480"/>
  <system-out>
    <![CDATA[Opening chrome on local system
Maximize the browser
Enter the URL
Implicit wait
Explicit wait
testQuantity has passed,hence NO screenshot has been taken]]>
  </system-out>
</testsuite> <!-- scriptForLoginPage.ValidateQuantity -->
