<?xml version="1.0" encoding="UTF-8"?>
<!-- Generated by org.testng.reporters.JUnitReportReporter -->
<testsuite hostname="Loveenas-MacBook-Pro.local" failures="0" tests="1" name="scriptForLoginPage.InvalidLogin" time="9.410" errors="0" timestamp="2024-10-15T18:17:20 GST" skipped="0">
  <testcase classname="scriptForLoginPage.InvalidLogin" name="testInvalidLogin" time="9.410">
    <system-out>
      <![CDATA[PASS:err msg displyed:]]>
    </system-out>
  </testcase> <!-- testInvalidLogin -->
  <system-out>
    <![CDATA[Opening chrome on local system
Maximize the browser
Enter the URL
Implicit wait
Explicit wait
PASS:err msg displyed:
testInvalidLogin has passed,hence NO screenshot has been taken]]>
  </system-out>
</testsuite> <!-- scriptForLoginPage.InvalidLogin -->
