<?xml version="1.0" encoding="UTF-8"?>
<!-- Generated by org.testng.reporters.JUnitReportReporter -->
<testsuite hostname="Loveenas-MacBook-Pro.local" failures="0" tests="1" name="scriptForLoginPage.ValidLogin" time="10.994" errors="0" timestamp="2024-10-14T23:03:46 GST" skipped="0">
  <testcase classname="scriptForLoginPage.ValidLogin" name="testValidLogin" time="10.994">
    <system-out>
      <![CDATA[HomePage displayed]]>
    </system-out>
  </testcase> <!-- testValidLogin -->
  <system-out>
    <![CDATA[Opening chrome on local system
Maximize the browser
Enter the URL
Implicit wait
Explicit wait
HomePage displayed
testValidLogin has passed,hence NO screenshot has been taken]]>
  </system-out>
</testsuite> <!-- scriptForLoginPage.ValidLogin -->
