<?xml version="1.0" encoding="UTF-8"?>
<!-- Generated by org.testng.reporters.JUnitReportReporter -->
<testsuite hostname="Loveenas-MacBook-Pro.local" failures="0" tests="1" name="scriptForLoginPage.ValidLogin" time="11.377" errors="0" timestamp="2024-10-15T17:21:18 GST" skipped="0">
  <testcase classname="scriptForLoginPage.ValidLogin" name="testValidLogin" time="11.377">
    <system-out>
      <![CDATA[Pass:HomePage displayed]]>
    </system-out>
  </testcase> <!-- testValidLogin -->
  <system-out>
    <![CDATA[Opening chrome on local system
Maximize the browser
Enter the URL
Implicit wait
Explicit wait
Pass:HomePage displayed
testValidLogin has passed,hence NO screenshot has been taken]]>
  </system-out>
</testsuite> <!-- scriptForLoginPage.ValidLogin -->
